<?xml version="1.0" encoding="UTF-8"?>
<!-- Generated by org.testng.reporters.JUnitReportReporter -->
<testsuite hostname="DESKTOP-4I9C8D5" failures="0" tests="1" name="com.Guru99Bank.testCases.TC_LoginTest_001" time="3.652" errors="0" timestamp="2021-04-12T21:24:26 IST" skipped="0">
  <testcase classname="com.Guru99Bank.testCases.TC_LoginTest_001" name="loginTest" time="3.652"/>
  <system-out/>
</testsuite> <!-- com.Guru99Bank.testCases.TC_LoginTest_001 -->
